c:\users\tristan\downloads\xboxgamebar\xboxgamebarserver\x64\release\xboxgamebarserver.pch
c:\users\tristan\downloads\xboxgamebar\xboxgamebarserver\x64\release\vc142.pdb
c:\users\tristan\downloads\xboxgamebar\xboxgamebarserver\x64\release\pch.obj
c:\users\tristan\downloads\xboxgamebar\xboxgamebarserver\x64\release\mainpage.xaml.obj
c:\users\tristan\downloads\xboxgamebar\xboxgamebarserver\x64\release\app.xaml.obj
c:\users\tristan\downloads\xboxgamebar\xboxgamebarserver\x64\release\xamltypeinfo.impl.g.obj
c:\users\tristan\downloads\xboxgamebar\xboxgamebarserver\x64\release\xamltypeinfo.g.obj
c:\users\tristan\downloads\xboxgamebar\x64\release\xboxgamebarserver\microsoft.gaming.xboxgamebar.dll
c:\users\tristan\downloads\xboxgamebar\x64\release\xboxgamebarserver\microsoft.gaming.xboxgamebar.pri
c:\users\tristan\downloads\xboxgamebar\x64\release\xboxgamebarserver\microsoft.graphics.canvas.dll
c:\users\tristan\downloads\xboxgamebar\x64\release\xboxgamebarserver\microsoft.gaming.xboxgamebar.authentication.winmd
c:\users\tristan\downloads\xboxgamebar\x64\release\xboxgamebarserver\microsoft.gaming.xboxgamebar.restricted.winmd
c:\users\tristan\downloads\xboxgamebar\x64\release\xboxgamebarserver\microsoft.gaming.xboxgamebar.winmd
c:\users\tristan\downloads\xboxgamebar\x64\release\xboxgamebarserver\microsoft.graphics.canvas.winmd
c:\users\tristan\downloads\xboxgamebar\x64\release\xboxgamebarserver\microsoft.graphics.canvas.xml
c:\users\tristan\downloads\xboxgamebar\xboxgamebarserver\x64\release\xboxgamebarserver.iobj
c:\users\tristan\downloads\xboxgamebar\xboxgamebarserver\x64\release\xboxgame.3475bc25.tlog\xboxgamebarserver.winmd.lastbuild
c:\users\tristan\downloads\xboxgamebar\xboxgamebarserver\x64\release\xboxgamebarserver.vcxproj.assemblyreference.cache
c:\users\tristan\downloads\xboxgamebar\xboxgamebarserver\x64\release\xamlsavestatefile.xml
c:\users\tristan\downloads\xboxgamebar\xboxgamebarserver\x64\release\xboxgame.3475bc25.tlog\cl.command.1.tlog
c:\users\tristan\downloads\xboxgamebar\xboxgamebarserver\x64\release\xboxgame.3475bc25.tlog\cl.read.1.tlog
c:\users\tristan\downloads\xboxgamebar\xboxgamebarserver\x64\release\xboxgame.3475bc25.tlog\cl.write.1.tlog
c:\users\tristan\downloads\xboxgamebar\xboxgamebarserver\x64\release\xboxgame.3475bc25.tlog\copylocal.read.1u.tlog
c:\users\tristan\downloads\xboxgamebar\xboxgamebarserver\x64\release\xboxgame.3475bc25.tlog\copylocal.write.1u.tlog
c:\users\tristan\downloads\xboxgamebar\xboxgamebarserver\x64\release\xboxgame.3475bc25.tlog\link.command.1.tlog
c:\users\tristan\downloads\xboxgamebar\xboxgamebarserver\x64\release\xboxgame.3475bc25.tlog\link.read.1.tlog
c:\users\tristan\downloads\xboxgamebar\xboxgamebarserver\x64\release\xboxgame.3475bc25.tlog\link.write.1.tlog
c:\users\tristan\downloads\xboxgamebar\xboxgamebarserver\x64\release\xboxgame.3475bc25.tlog\xaml.read.1u.tlog
c:\users\tristan\downloads\xboxgamebar\xboxgamebarserver\generated files\app.g.h
c:\users\tristan\downloads\xboxgamebar\xboxgamebarserver\generated files\mainpage.g.h
c:\users\tristan\downloads\xboxgamebar\xboxgamebarserver\generated files\xamlbindinginfo.g.h
c:\users\tristan\downloads\xboxgamebar\xboxgamebarserver\generated files\xamltypeinfo.g.h
c:\users\tristan\downloads\xboxgamebar\xboxgamebarserver\generated files\xamllibmetadataprovider.g.cpp
c:\users\tristan\downloads\xboxgamebar\xboxgamebarserver\generated files\xamltypeinfo.g.cpp
c:\users\tristan\downloads\xboxgamebar\xboxgamebarserver\generated files\xamltypeinfo.impl.g.cpp
c:\users\tristan\downloads\xboxgamebar\xboxgamebarserver\generated files\app.xaml
c:\users\tristan\downloads\xboxgamebar\xboxgamebarserver\generated files\mainpage.xaml
